2023-05-25 13:25:59,435 [Worker-4: Loading available Gradle versions] INFO  o.e.b.c.i.u.g.PublishedGradleVersions - Gradle version information cache is up-to-date. Trying to read.
2023-05-25 13:28:21,078 [Worker-3: Loading available Gradle versions] INFO  o.e.b.c.i.u.g.PublishedGradleVersions - Gradle version information cache is up-to-date. Trying to read.
2023-05-27 13:11:19,864 [Worker-1: Loading available Gradle versions] INFO  o.e.b.c.i.u.g.PublishedGradleVersions - Gradle version information cache is out-of-date. Trying to update.
2023-05-27 21:52:06,480 [Worker-0: Loading available Gradle versions] INFO  o.e.b.c.i.u.g.PublishedGradleVersions - Gradle version information cache is up-to-date. Trying to read.
2023-05-28 21:43:27,633 [Worker-3: Loading available Gradle versions] INFO  o.e.b.c.i.u.g.PublishedGradleVersions - Gradle version information cache is out-of-date. Trying to update.
2023-05-29 15:02:04,710 [Worker-2: Loading available Gradle versions] INFO  o.e.b.c.i.u.g.PublishedGradleVersions - Gradle version information cache is up-to-date. Trying to read.
2023-05-29 19:08:51,028 [Worker-0: Loading available Gradle versions] INFO  o.e.b.c.i.u.g.PublishedGradleVersions - Gradle version information cache is up-to-date. Trying to read.
2023-05-29 22:21:49,419 [Worker-2: Loading available Gradle versions] INFO  o.e.b.c.i.u.g.PublishedGradleVersions - Gradle version information cache is out-of-date. Trying to update.
2023-05-31 08:17:05,396 [Worker-1: Loading available Gradle versions] INFO  o.e.b.c.i.u.g.PublishedGradleVersions - Gradle version information cache is out-of-date. Trying to update.
2023-05-31 14:41:11,513 [Worker-2: Loading available Gradle versions] INFO  o.e.b.c.i.u.g.PublishedGradleVersions - Gradle version information cache is up-to-date. Trying to read.
2023-06-01 09:09:58,280 [Worker-2: Loading available Gradle versions] INFO  o.e.b.c.i.u.g.PublishedGradleVersions - Gradle version information cache is out-of-date. Trying to update.
2023-06-01 20:48:17,719 [Worker-0: Loading available Gradle versions] INFO  o.e.b.c.i.u.g.PublishedGradleVersions - Gradle version information cache is up-to-date. Trying to read.
2023-06-02 09:57:26,500 [Worker-2: Loading available Gradle versions] INFO  o.e.b.c.i.u.g.PublishedGradleVersions - Gradle version information cache is out-of-date. Trying to update.
2023-06-02 21:31:01,499 [Worker-1: Loading available Gradle versions] INFO  o.e.b.c.i.u.g.PublishedGradleVersions - Gradle version information cache is up-to-date. Trying to read.
2023-06-03 16:20:15,006 [Worker-2: Loading available Gradle versions] INFO  o.e.b.c.i.u.g.PublishedGradleVersions - Gradle version information cache is out-of-date. Trying to update.
2023-06-04 09:17:46,990 [Worker-1: Loading available Gradle versions] INFO  o.e.b.c.i.u.g.PublishedGradleVersions - Gradle version information cache is up-to-date. Trying to read.
2023-06-04 23:37:50,676 [Worker-1: Loading available Gradle versions] INFO  o.e.b.c.i.u.g.PublishedGradleVersions - Gradle version information cache is out-of-date. Trying to update.
2023-06-05 13:52:33,191 [Worker-2: Loading available Gradle versions] INFO  o.e.b.c.i.u.g.PublishedGradleVersions - Gradle version information cache is up-to-date. Trying to read.
2023-06-06 11:49:20,083 [Worker-1: Loading available Gradle versions] INFO  o.e.b.c.i.u.g.PublishedGradleVersions - Gradle version information cache is out-of-date. Trying to update.
2023-06-07 22:34:16,958 [Worker-2: Loading available Gradle versions] INFO  o.e.b.c.i.u.g.PublishedGradleVersions - Gradle version information cache is out-of-date. Trying to update.
2023-06-07 22:58:25,307 [Worker-1: Loading available Gradle versions] INFO  o.e.b.c.i.u.g.PublishedGradleVersions - Gradle version information cache is up-to-date. Trying to read.
2023-06-07 23:01:47,706 [Worker-1: Loading available Gradle versions] INFO  o.e.b.c.i.u.g.PublishedGradleVersions - Gradle version information cache is up-to-date. Trying to read.
2023-06-07 23:12:38,391 [Worker-0: Loading available Gradle versions] INFO  o.e.b.c.i.u.g.PublishedGradleVersions - Gradle version information cache is up-to-date. Trying to read.
2023-06-08 17:39:10,867 [Worker-2: Loading available Gradle versions] INFO  o.e.b.c.i.u.g.PublishedGradleVersions - Gradle version information cache is up-to-date. Trying to read.
2023-06-10 22:09:03,425 [Worker-2: Loading available Gradle versions] INFO  o.e.b.c.i.u.g.PublishedGradleVersions - Gradle version information cache is out-of-date. Trying to update.
2023-06-12 19:01:26,544 [Worker-2: Loading available Gradle versions] INFO  o.e.b.c.i.u.g.PublishedGradleVersions - Gradle version information cache is out-of-date. Trying to update.
2023-06-13 11:51:43,421 [Worker-2: Loading available Gradle versions] INFO  o.e.b.c.i.u.g.PublishedGradleVersions - Gradle version information cache is up-to-date. Trying to read.
2023-06-13 14:12:55,438 [Worker-3: Loading available Gradle versions] INFO  o.e.b.c.i.u.g.PublishedGradleVersions - Gradle version information cache is up-to-date. Trying to read.
2023-06-14 09:03:51,296 [Worker-2: Loading available Gradle versions] INFO  o.e.b.c.i.u.g.PublishedGradleVersions - Gradle version information cache is out-of-date. Trying to update.
2023-06-14 12:33:45,099 [Worker-0: Loading available Gradle versions] INFO  o.e.b.c.i.u.g.PublishedGradleVersions - Gradle version information cache is up-to-date. Trying to read.
2023-06-14 12:42:57,345 [Worker-3: Loading available Gradle versions] INFO  o.e.b.c.i.u.g.PublishedGradleVersions - Gradle version information cache is up-to-date. Trying to read.
2023-06-14 12:44:01,404 [Worker-0: Loading available Gradle versions] INFO  o.e.b.c.i.u.g.PublishedGradleVersions - Gradle version information cache is up-to-date. Trying to read.
2023-06-16 12:09:20,544 [Worker-2: Loading available Gradle versions] INFO  o.e.b.c.i.u.g.PublishedGradleVersions - Gradle version information cache is out-of-date. Trying to update.
2023-06-19 09:41:37,926 [Worker-1: Loading available Gradle versions] INFO  o.e.b.c.i.u.g.PublishedGradleVersions - Gradle version information cache is out-of-date. Trying to update.
2023-06-20 18:59:04,379 [Worker-1: Loading available Gradle versions] INFO  o.e.b.c.i.u.g.PublishedGradleVersions - Gradle version information cache is out-of-date. Trying to update.
2023-06-22 11:18:48,433 [Worker-2: Loading available Gradle versions] INFO  o.e.b.c.i.u.g.PublishedGradleVersions - Gradle version information cache is out-of-date. Trying to update.
2023-07-05 12:24:01,895 [Worker-1: Loading available Gradle versions] INFO  o.e.b.c.i.u.g.PublishedGradleVersions - Gradle version information cache is out-of-date. Trying to update.
2023-07-07 15:58:07,343 [Worker-0: Loading available Gradle versions] INFO  o.e.b.c.i.u.g.PublishedGradleVersions - Gradle version information cache is out-of-date. Trying to update.
2023-07-08 16:44:20,669 [Worker-5: Loading available Gradle versions] INFO  o.e.b.c.i.u.g.PublishedGradleVersions - Gradle version information cache is out-of-date. Trying to update.
2023-07-14 20:13:14,416 [Worker-3: Loading available Gradle versions] INFO  o.e.b.c.i.u.g.PublishedGradleVersions - Gradle version information cache is out-of-date. Trying to update.
2023-07-18 16:35:26,142 [Worker-3: Loading available Gradle versions] INFO  o.e.b.c.i.u.g.PublishedGradleVersions - Gradle version information cache is out-of-date. Trying to update.
2023-07-18 22:44:09,483 [Worker-1: Loading available Gradle versions] INFO  o.e.b.c.i.u.g.PublishedGradleVersions - Gradle version information cache is up-to-date. Trying to read.
2023-07-19 11:37:35,220 [Worker-3: Loading available Gradle versions] INFO  o.e.b.c.i.u.g.PublishedGradleVersions - Gradle version information cache is up-to-date. Trying to read.
2023-07-26 08:38:18,078 [Worker-2: Loading available Gradle versions] INFO  o.e.b.c.i.u.g.PublishedGradleVersions - Gradle version information cache is out-of-date. Trying to update.
2023-08-05 17:22:38,485 [Worker-2: Loading available Gradle versions] INFO  o.e.b.c.i.u.g.PublishedGradleVersions - Gradle version information cache is out-of-date. Trying to update.
2023-08-07 18:16:43,940 [Worker-0: Loading available Gradle versions] INFO  o.e.b.c.i.u.g.PublishedGradleVersions - Gradle version information cache is out-of-date. Trying to update.
2023-08-08 17:11:24,576 [Worker-1: Loading available Gradle versions] INFO  o.e.b.c.i.u.g.PublishedGradleVersions - Gradle version information cache is up-to-date. Trying to read.
2023-08-10 07:34:09,980 [Worker-2: Loading available Gradle versions] INFO  o.e.b.c.i.u.g.PublishedGradleVersions - Gradle version information cache is out-of-date. Trying to update.
2023-08-11 13:01:33,404 [Worker-2: Loading available Gradle versions] INFO  o.e.b.c.i.u.g.PublishedGradleVersions - Gradle version information cache is out-of-date. Trying to update.
2023-08-12 13:44:17,156 [Worker-3: Loading available Gradle versions] INFO  o.e.b.c.i.u.g.PublishedGradleVersions - Gradle version information cache is out-of-date. Trying to update.
2023-08-14 13:08:45,220 [Worker-1: Loading available Gradle versions] INFO  o.e.b.c.i.u.g.PublishedGradleVersions - Gradle version information cache is out-of-date. Trying to update.
2023-08-15 12:59:56,291 [Worker-1: Loading available Gradle versions] INFO  o.e.b.c.i.u.g.PublishedGradleVersions - Gradle version information cache is up-to-date. Trying to read.
2023-08-15 18:01:24,916 [Worker-1: Loading available Gradle versions] INFO  o.e.b.c.i.u.g.PublishedGradleVersions - Gradle version information cache is out-of-date. Trying to update.
2023-08-19 08:45:03,785 [Worker-5: Updating Maven Dependencies] ERROR o.e.m.c.i.URLConnectionCaches - Unexpected URLConnection defaultUseCaches enabled
2023-08-19 08:45:29,447 [Worker-1: Loading available Gradle versions] INFO  o.e.b.c.i.u.g.PublishedGradleVersions - Gradle version information cache is out-of-date. Trying to update.
2023-08-19 15:57:02,836 [Worker-3: Updating Maven Dependencies] ERROR o.e.m.c.i.URLConnectionCaches - Unexpected URLConnection defaultUseCaches enabled
2023-08-19 16:00:08,823 [Worker-7: Loading available Gradle versions] INFO  o.e.b.c.i.u.g.PublishedGradleVersions - Gradle version information cache is up-to-date. Trying to read.
2023-08-20 07:49:40,153 [Worker-0: Loading available Gradle versions] INFO  o.e.b.c.i.u.g.PublishedGradleVersions - Gradle version information cache is up-to-date. Trying to read.
2023-08-21 07:43:47,454 [Worker-3: Loading available Gradle versions] INFO  o.e.b.c.i.u.g.PublishedGradleVersions - Gradle version information cache is out-of-date. Trying to update.
2023-08-22 09:56:49,473 [Worker-7: Loading available Gradle versions] INFO  o.e.b.c.i.u.g.PublishedGradleVersions - Gradle version information cache is out-of-date. Trying to update.
2023-08-23 10:03:20,881 [Worker-2: Loading available Gradle versions] INFO  o.e.b.c.i.u.g.PublishedGradleVersions - Gradle version information cache is out-of-date. Trying to update.
2023-08-23 11:31:13,337 [Worker-1: Loading available Gradle versions] INFO  o.e.b.c.i.u.g.PublishedGradleVersions - Gradle version information cache is up-to-date. Trying to read.
2023-08-23 11:45:42,219 [Worker-5: Loading available Gradle versions] INFO  o.e.b.c.i.u.g.PublishedGradleVersions - Gradle version information cache is up-to-date. Trying to read.
2023-08-23 19:01:57,929 [Worker-1: Loading available Gradle versions] INFO  o.e.b.c.i.u.g.PublishedGradleVersions - Gradle version information cache is up-to-date. Trying to read.
2023-08-25 16:16:01,883 [Worker-1: Loading available Gradle versions] INFO  o.e.b.c.i.u.g.PublishedGradleVersions - Gradle version information cache is out-of-date. Trying to update.
2023-08-25 17:53:39,316 [ModalContext] INFO  o.e.m.c.i.e.AbstractTransferListenerAdapter - Downloading https://repo.maven.apache.org/maven2/org/apache/maven/archetypes/maven-archetype-quickstart/1.4/maven-archetype-quickstart-1.4.pom
2023-08-25 17:53:39,638 [ModalContext] INFO  o.e.m.c.i.e.AbstractTransferListenerAdapter - Downloaded https://repo.maven.apache.org/maven2/org/apache/maven/archetypes/maven-archetype-quickstart/1.4/maven-archetype-quickstart-1.4.pom
2023-08-25 17:53:39,792 [ModalContext] INFO  o.e.m.c.i.e.AbstractTransferListenerAdapter - Downloading https://repo.maven.apache.org/maven2/org/apache/maven/archetypes/maven-archetype-bundles/1.4/maven-archetype-bundles-1.4.pom
2023-08-25 17:53:39,908 [ModalContext] INFO  o.e.m.c.i.e.AbstractTransferListenerAdapter - Downloaded https://repo.maven.apache.org/maven2/org/apache/maven/archetypes/maven-archetype-bundles/1.4/maven-archetype-bundles-1.4.pom
2023-08-25 17:53:39,976 [ModalContext] INFO  o.e.m.c.i.e.AbstractTransferListenerAdapter - Downloading https://repo.maven.apache.org/maven2/org/apache/maven/maven-parent/33/maven-parent-33.pom
2023-08-25 17:53:40,131 [ModalContext] INFO  o.e.m.c.i.e.AbstractTransferListenerAdapter - Downloaded https://repo.maven.apache.org/maven2/org/apache/maven/maven-parent/33/maven-parent-33.pom
2023-08-25 17:53:40,203 [ModalContext] INFO  o.e.m.c.i.e.AbstractTransferListenerAdapter - Downloading https://repo.maven.apache.org/maven2/org/apache/apache/21/apache-21.pom
2023-08-25 17:53:40,339 [ModalContext] INFO  o.e.m.c.i.e.AbstractTransferListenerAdapter - Downloaded https://repo.maven.apache.org/maven2/org/apache/apache/21/apache-21.pom
2023-08-25 17:53:41,068 [ModalContext] INFO  o.e.m.c.i.e.AbstractTransferListenerAdapter - Downloading https://repo.maven.apache.org/maven2/org/apache/maven/archetypes/maven-archetype-quickstart/1.4/maven-archetype-quickstart-1.4.jar
2023-08-25 17:53:41,419 [ModalContext] INFO  o.e.m.c.i.e.AbstractTransferListenerAdapter - Downloaded https://repo.maven.apache.org/maven2/org/apache/maven/archetypes/maven-archetype-quickstart/1.4/maven-archetype-quickstart-1.4.jar
2023-08-25 17:54:51,958 [Worker-13: Launching mavenrun-f41751a3-7b68-4c06-97f5-2e8b19f81e1f] INFO  o.eclipse.m2e.core.internal.Bundles - getClasspathEntries(Bundle=org.eclipse.m2e.maven.runtime_3.8.701.20230209-1606 [346])
2023-08-25 17:54:52,009 [Worker-13: Launching mavenrun-f41751a3-7b68-4c06-97f5-2e8b19f81e1f] INFO  o.eclipse.m2e.core.internal.Bundles - 	Entry: D:\java24th batch\sts-4.18.1.RELEASE\plugins\org.eclipse.m2e.maven.runtime_3.8.701.20230209-1606
2023-08-25 17:54:52,009 [Worker-13: Launching mavenrun-f41751a3-7b68-4c06-97f5-2e8b19f81e1f] INFO  o.eclipse.m2e.core.internal.Bundles - 	Entry: D:\java24th batch\sts-4.18.1.RELEASE\plugins\org.eclipse.m2e.maven.runtime_3.8.701.20230209-1606\jars\aether-connector-okhttp-0.17.8.jar
2023-08-25 17:54:52,010 [Worker-13: Launching mavenrun-f41751a3-7b68-4c06-97f5-2e8b19f81e1f] INFO  o.eclipse.m2e.core.internal.Bundles - 	Entry: D:\java24th batch\sts-4.18.1.RELEASE\plugins\org.eclipse.m2e.maven.runtime_3.8.701.20230209-1606\jars\commons-lang3-3.8.1.jar
2023-08-25 17:54:52,010 [Worker-13: Launching mavenrun-f41751a3-7b68-4c06-97f5-2e8b19f81e1f] INFO  o.eclipse.m2e.core.internal.Bundles - 	Entry: D:\java24th batch\sts-4.18.1.RELEASE\plugins\org.eclipse.m2e.maven.runtime_3.8.701.20230209-1606\jars\guice-4.2.2-no_aop.jar
2023-08-25 17:54:52,010 [Worker-13: Launching mavenrun-f41751a3-7b68-4c06-97f5-2e8b19f81e1f] INFO  o.eclipse.m2e.core.internal.Bundles - 	Entry: D:\java24th batch\sts-4.18.1.RELEASE\plugins\org.eclipse.m2e.maven.runtime_3.8.701.20230209-1606\jars\jansi-2.4.0.jar
2023-08-25 17:54:52,010 [Worker-13: Launching mavenrun-f41751a3-7b68-4c06-97f5-2e8b19f81e1f] INFO  o.eclipse.m2e.core.internal.Bundles - 	Entry: D:\java24th batch\sts-4.18.1.RELEASE\plugins\org.eclipse.m2e.maven.runtime_3.8.701.20230209-1606\jars\maven-artifact-3.8.7.jar
2023-08-25 17:54:52,011 [Worker-13: Launching mavenrun-f41751a3-7b68-4c06-97f5-2e8b19f81e1f] INFO  o.eclipse.m2e.core.internal.Bundles - 	Entry: D:\java24th batch\sts-4.18.1.RELEASE\plugins\org.eclipse.m2e.maven.runtime_3.8.701.20230209-1606\jars\maven-builder-support-3.8.7.jar
2023-08-25 17:54:52,011 [Worker-13: Launching mavenrun-f41751a3-7b68-4c06-97f5-2e8b19f81e1f] INFO  o.eclipse.m2e.core.internal.Bundles - 	Entry: D:\java24th batch\sts-4.18.1.RELEASE\plugins\org.eclipse.m2e.maven.runtime_3.8.701.20230209-1606\jars\maven-compat-3.8.7.jar
2023-08-25 17:54:52,011 [Worker-13: Launching mavenrun-f41751a3-7b68-4c06-97f5-2e8b19f81e1f] INFO  o.eclipse.m2e.core.internal.Bundles - 	Entry: D:\java24th batch\sts-4.18.1.RELEASE\plugins\org.eclipse.m2e.maven.runtime_3.8.701.20230209-1606\jars\maven-core-3.8.7.jar
2023-08-25 17:54:52,011 [Worker-13: Launching mavenrun-f41751a3-7b68-4c06-97f5-2e8b19f81e1f] INFO  o.eclipse.m2e.core.internal.Bundles - 	Entry: D:\java24th batch\sts-4.18.1.RELEASE\plugins\org.eclipse.m2e.maven.runtime_3.8.701.20230209-1606\jars\maven-embedder-3.8.7.jar
2023-08-25 17:54:52,011 [Worker-13: Launching mavenrun-f41751a3-7b68-4c06-97f5-2e8b19f81e1f] INFO  o.eclipse.m2e.core.internal.Bundles - 	Entry: D:\java24th batch\sts-4.18.1.RELEASE\plugins\org.eclipse.m2e.maven.runtime_3.8.701.20230209-1606\jars\maven-model-3.8.7.jar
2023-08-25 17:54:52,012 [Worker-13: Launching mavenrun-f41751a3-7b68-4c06-97f5-2e8b19f81e1f] INFO  o.eclipse.m2e.core.internal.Bundles - 	Entry: D:\java24th batch\sts-4.18.1.RELEASE\plugins\org.eclipse.m2e.maven.runtime_3.8.701.20230209-1606\jars\maven-model-builder-3.8.7.jar
2023-08-25 17:54:52,012 [Worker-13: Launching mavenrun-f41751a3-7b68-4c06-97f5-2e8b19f81e1f] INFO  o.eclipse.m2e.core.internal.Bundles - 	Entry: D:\java24th batch\sts-4.18.1.RELEASE\plugins\org.eclipse.m2e.maven.runtime_3.8.701.20230209-1606\jars\maven-plugin-api-3.8.7.jar
2023-08-25 17:54:52,012 [Worker-13: Launching mavenrun-f41751a3-7b68-4c06-97f5-2e8b19f81e1f] INFO  o.eclipse.m2e.core.internal.Bundles - 	Entry: D:\java24th batch\sts-4.18.1.RELEASE\plugins\org.eclipse.m2e.maven.runtime_3.8.701.20230209-1606\jars\maven-repository-metadata-3.8.7.jar
2023-08-25 17:54:52,012 [Worker-13: Launching mavenrun-f41751a3-7b68-4c06-97f5-2e8b19f81e1f] INFO  o.eclipse.m2e.core.internal.Bundles - 	Entry: D:\java24th batch\sts-4.18.1.RELEASE\plugins\org.eclipse.m2e.maven.runtime_3.8.701.20230209-1606\jars\maven-resolver-api-1.6.3.jar
2023-08-25 17:54:52,012 [Worker-13: Launching mavenrun-f41751a3-7b68-4c06-97f5-2e8b19f81e1f] INFO  o.eclipse.m2e.core.internal.Bundles - 	Entry: D:\java24th batch\sts-4.18.1.RELEASE\plugins\org.eclipse.m2e.maven.runtime_3.8.701.20230209-1606\jars\maven-resolver-connector-basic-1.6.3.jar
2023-08-25 17:54:52,013 [Worker-13: Launching mavenrun-f41751a3-7b68-4c06-97f5-2e8b19f81e1f] INFO  o.eclipse.m2e.core.internal.Bundles - 	Entry: D:\java24th batch\sts-4.18.1.RELEASE\plugins\org.eclipse.m2e.maven.runtime_3.8.701.20230209-1606\jars\maven-resolver-impl-1.6.3.jar
2023-08-25 17:54:52,013 [Worker-13: Launching mavenrun-f41751a3-7b68-4c06-97f5-2e8b19f81e1f] INFO  o.eclipse.m2e.core.internal.Bundles - 	Entry: D:\java24th batch\sts-4.18.1.RELEASE\plugins\org.eclipse.m2e.maven.runtime_3.8.701.20230209-1606\jars\maven-resolver-provider-3.8.7.jar
2023-08-25 17:54:52,013 [Worker-13: Launching mavenrun-f41751a3-7b68-4c06-97f5-2e8b19f81e1f] INFO  o.eclipse.m2e.core.internal.Bundles - 	Entry: D:\java24th batch\sts-4.18.1.RELEASE\plugins\org.eclipse.m2e.maven.runtime_3.8.701.20230209-1606\jars\maven-resolver-spi-1.6.3.jar
2023-08-25 17:54:52,014 [Worker-13: Launching mavenrun-f41751a3-7b68-4c06-97f5-2e8b19f81e1f] INFO  o.eclipse.m2e.core.internal.Bundles - 	Entry: D:\java24th batch\sts-4.18.1.RELEASE\plugins\org.eclipse.m2e.maven.runtime_3.8.701.20230209-1606\jars\maven-resolver-transport-wagon-1.6.3.jar
2023-08-25 17:54:52,014 [Worker-13: Launching mavenrun-f41751a3-7b68-4c06-97f5-2e8b19f81e1f] INFO  o.eclipse.m2e.core.internal.Bundles - 	Entry: D:\java24th batch\sts-4.18.1.RELEASE\plugins\org.eclipse.m2e.maven.runtime_3.8.701.20230209-1606\jars\maven-resolver-util-1.6.3.jar
2023-08-25 17:54:52,014 [Worker-13: Launching mavenrun-f41751a3-7b68-4c06-97f5-2e8b19f81e1f] INFO  o.eclipse.m2e.core.internal.Bundles - 	Entry: D:\java24th batch\sts-4.18.1.RELEASE\plugins\org.eclipse.m2e.maven.runtime_3.8.701.20230209-1606\jars\maven-settings-3.8.7.jar
2023-08-25 17:54:52,014 [Worker-13: Launching mavenrun-f41751a3-7b68-4c06-97f5-2e8b19f81e1f] INFO  o.eclipse.m2e.core.internal.Bundles - 	Entry: D:\java24th batch\sts-4.18.1.RELEASE\plugins\org.eclipse.m2e.maven.runtime_3.8.701.20230209-1606\jars\maven-settings-builder-3.8.7.jar
2023-08-25 17:54:52,014 [Worker-13: Launching mavenrun-f41751a3-7b68-4c06-97f5-2e8b19f81e1f] INFO  o.eclipse.m2e.core.internal.Bundles - 	Entry: D:\java24th batch\sts-4.18.1.RELEASE\plugins\org.eclipse.m2e.maven.runtime_3.8.701.20230209-1606\jars\maven-shared-utils-3.3.4.jar
2023-08-25 17:54:52,014 [Worker-13: Launching mavenrun-f41751a3-7b68-4c06-97f5-2e8b19f81e1f] INFO  o.eclipse.m2e.core.internal.Bundles - 	Entry: D:\java24th batch\sts-4.18.1.RELEASE\plugins\org.eclipse.m2e.maven.runtime_3.8.701.20230209-1606\jars\okhttp-3.14.1.jar
2023-08-25 17:54:52,015 [Worker-13: Launching mavenrun-f41751a3-7b68-4c06-97f5-2e8b19f81e1f] INFO  o.eclipse.m2e.core.internal.Bundles - 	Entry: D:\java24th batch\sts-4.18.1.RELEASE\plugins\org.eclipse.m2e.maven.runtime_3.8.701.20230209-1606\jars\okio-1.17.3.jar
2023-08-25 17:54:52,015 [Worker-13: Launching mavenrun-f41751a3-7b68-4c06-97f5-2e8b19f81e1f] INFO  o.eclipse.m2e.core.internal.Bundles - 	Entry: D:\java24th batch\sts-4.18.1.RELEASE\plugins\org.eclipse.m2e.maven.runtime_3.8.701.20230209-1606\jars\org.eclipse.sisu.inject-0.3.5.jar
2023-08-25 17:54:52,015 [Worker-13: Launching mavenrun-f41751a3-7b68-4c06-97f5-2e8b19f81e1f] INFO  o.eclipse.m2e.core.internal.Bundles - 	Entry: D:\java24th batch\sts-4.18.1.RELEASE\plugins\org.eclipse.m2e.maven.runtime_3.8.701.20230209-1606\jars\org.eclipse.sisu.plexus-0.3.5.jar
2023-08-25 17:54:52,015 [Worker-13: Launching mavenrun-f41751a3-7b68-4c06-97f5-2e8b19f81e1f] INFO  o.eclipse.m2e.core.internal.Bundles - 	Entry: D:\java24th batch\sts-4.18.1.RELEASE\plugins\org.eclipse.m2e.maven.runtime_3.8.701.20230209-1606\jars\plexus-build-api-0.0.7.jar
2023-08-25 17:54:52,015 [Worker-13: Launching mavenrun-f41751a3-7b68-4c06-97f5-2e8b19f81e1f] INFO  o.eclipse.m2e.core.internal.Bundles - 	Entry: D:\java24th batch\sts-4.18.1.RELEASE\plugins\org.eclipse.m2e.maven.runtime_3.8.701.20230209-1606\jars\plexus-cipher-2.0.jar
2023-08-25 17:54:52,016 [Worker-13: Launching mavenrun-f41751a3-7b68-4c06-97f5-2e8b19f81e1f] INFO  o.eclipse.m2e.core.internal.Bundles - 	Entry: D:\java24th batch\sts-4.18.1.RELEASE\plugins\org.eclipse.m2e.maven.runtime_3.8.701.20230209-1606\jars\plexus-classworlds-2.6.0.jar
2023-08-25 17:54:52,016 [Worker-13: Launching mavenrun-f41751a3-7b68-4c06-97f5-2e8b19f81e1f] INFO  o.eclipse.m2e.core.internal.Bundles - 	Entry: D:\java24th batch\sts-4.18.1.RELEASE\plugins\org.eclipse.m2e.maven.runtime_3.8.701.20230209-1606\jars\plexus-component-annotations-2.1.0.jar
2023-08-25 17:54:52,016 [Worker-13: Launching mavenrun-f41751a3-7b68-4c06-97f5-2e8b19f81e1f] INFO  o.eclipse.m2e.core.internal.Bundles - 	Entry: D:\java24th batch\sts-4.18.1.RELEASE\plugins\org.eclipse.m2e.maven.runtime_3.8.701.20230209-1606\jars\plexus-interpolation-1.26.jar
2023-08-25 17:54:52,016 [Worker-13: Launching mavenrun-f41751a3-7b68-4c06-97f5-2e8b19f81e1f] INFO  o.eclipse.m2e.core.internal.Bundles - 	Entry: D:\java24th batch\sts-4.18.1.RELEASE\plugins\org.eclipse.m2e.maven.runtime_3.8.701.20230209-1606\jars\plexus-sec-dispatcher-2.0.jar
2023-08-25 17:54:52,016 [Worker-13: Launching mavenrun-f41751a3-7b68-4c06-97f5-2e8b19f81e1f] INFO  o.eclipse.m2e.core.internal.Bundles - 	Entry: D:\java24th batch\sts-4.18.1.RELEASE\plugins\org.eclipse.m2e.maven.runtime_3.8.701.20230209-1606\jars\plexus-utils-3.3.1.jar
2023-08-25 17:54:52,017 [Worker-13: Launching mavenrun-f41751a3-7b68-4c06-97f5-2e8b19f81e1f] INFO  o.eclipse.m2e.core.internal.Bundles - 	Entry: D:\java24th batch\sts-4.18.1.RELEASE\plugins\org.eclipse.m2e.maven.runtime_3.8.701.20230209-1606\jars\wagon-file-3.5.3.jar
2023-08-25 17:54:52,017 [Worker-13: Launching mavenrun-f41751a3-7b68-4c06-97f5-2e8b19f81e1f] INFO  o.eclipse.m2e.core.internal.Bundles - 	Entry: D:\java24th batch\sts-4.18.1.RELEASE\plugins\org.eclipse.m2e.maven.runtime_3.8.701.20230209-1606\jars\wagon-provider-api-3.5.3.jar
2023-08-25 17:54:52,022 [Worker-13: Launching mavenrun-f41751a3-7b68-4c06-97f5-2e8b19f81e1f] INFO  o.eclipse.m2e.core.internal.Bundles - getClasspathEntries(Bundle=com.google.guava_31.1.0.jre [23])
2023-08-25 17:54:52,025 [Worker-13: Launching mavenrun-f41751a3-7b68-4c06-97f5-2e8b19f81e1f] INFO  o.eclipse.m2e.core.internal.Bundles - 	Entry: D:\java24th batch\sts-4.18.1.RELEASE\plugins\com.google.guava_31.1.0.jre.jar
2023-08-25 17:54:52,025 [Worker-13: Launching mavenrun-f41751a3-7b68-4c06-97f5-2e8b19f81e1f] INFO  o.eclipse.m2e.core.internal.Bundles - getClasspathEntries(Bundle=slf4j.api_1.7.36 [580])
2023-08-25 17:54:52,028 [Worker-13: Launching mavenrun-f41751a3-7b68-4c06-97f5-2e8b19f81e1f] INFO  o.eclipse.m2e.core.internal.Bundles - 	Entry: D:\java24th batch\sts-4.18.1.RELEASE\plugins\slf4j.api_1.7.36.jar
2023-08-25 17:54:52,029 [Worker-13: Launching mavenrun-f41751a3-7b68-4c06-97f5-2e8b19f81e1f] INFO  o.eclipse.m2e.core.internal.Bundles - getClasspathEntries(Bundle=javax.inject_1.0.0.v20220405-0441 [50])
2023-08-25 17:54:52,039 [Worker-13: Launching mavenrun-f41751a3-7b68-4c06-97f5-2e8b19f81e1f] INFO  o.eclipse.m2e.core.internal.Bundles - 	Entry: D:\java24th batch\sts-4.18.1.RELEASE\plugins\javax.inject_1.0.0.v20220405-0441.jar
2023-08-25 17:54:52,039 [Worker-13: Launching mavenrun-f41751a3-7b68-4c06-97f5-2e8b19f81e1f] INFO  o.eclipse.m2e.core.internal.Bundles - getClasspathEntries(Bundle=javax.annotation_1.3.5.v20221203-1659 [48])
2023-08-25 17:54:52,042 [Worker-13: Launching mavenrun-f41751a3-7b68-4c06-97f5-2e8b19f81e1f] INFO  o.eclipse.m2e.core.internal.Bundles - 	Entry: D:\java24th batch\sts-4.18.1.RELEASE\plugins\javax.annotation_1.3.5.v20221203-1659.jar
2023-08-25 17:54:52,043 [Worker-13: Launching mavenrun-f41751a3-7b68-4c06-97f5-2e8b19f81e1f] INFO  o.eclipse.m2e.core.internal.Bundles - getClasspathEntries(Bundle=org.apache.commons.cli_1.4.0.v20221112-0806 [73])
2023-08-25 17:54:52,046 [Worker-13: Launching mavenrun-f41751a3-7b68-4c06-97f5-2e8b19f81e1f] INFO  o.eclipse.m2e.core.internal.Bundles - 	Entry: D:\java24th batch\sts-4.18.1.RELEASE\plugins\org.apache.commons.cli_1.4.0.v20221112-0806.jar
2023-08-25 17:54:52,046 [Worker-13: Launching mavenrun-f41751a3-7b68-4c06-97f5-2e8b19f81e1f] INFO  o.eclipse.m2e.core.internal.Bundles - getClasspathEntries(Bundle=com.google.guava.failureaccess_1.0.1 [25])
2023-08-25 17:54:52,049 [Worker-13: Launching mavenrun-f41751a3-7b68-4c06-97f5-2e8b19f81e1f] INFO  o.eclipse.m2e.core.internal.Bundles - 	Entry: D:\java24th batch\sts-4.18.1.RELEASE\plugins\com.google.guava.failureaccess_1.0.1.jar
2023-08-25 17:54:52,056 [Worker-13: Launching mavenrun-f41751a3-7b68-4c06-97f5-2e8b19f81e1f] INFO  o.e.m.i.launch.MavenLaunchDelegate - Run build in "C:\Users\Admin\AppData\Local\Temp\m2e-archetypeGenerator16009572551634061049":
2023-08-25 17:54:52,074 [Worker-13: Launching mavenrun-f41751a3-7b68-4c06-97f5-2e8b19f81e1f] INFO  o.e.m.i.launch.MavenLaunchDelegate -  mvn  -DarchetypeGroupId=org.apache.maven.archetypes -DarchetypeArtifactId=maven-archetype-quickstart -DarchetypeVersion=1.4 -DgroupId=com.example1 -DartifactId=SpringProject -Dversion=0.0.1-SNAPSHOT -Dpackage=com.example1.SpringProject -DoutputDirectory="D:\java24th batch\workspace1" -Dstyle.color=always -U archetype:generate
2023-08-26 08:48:32,558 [Worker-4: Loading available Gradle versions] INFO  o.e.b.c.i.u.g.PublishedGradleVersions - Gradle version information cache is up-to-date. Trying to read.
2023-08-27 11:12:48,761 [Worker-2: Loading available Gradle versions] INFO  o.e.b.c.i.u.g.PublishedGradleVersions - Gradle version information cache is up-to-date. Trying to read.
2023-08-27 11:36:06,996 [Worker-5: Loading available Gradle versions] INFO  o.e.b.c.i.u.g.PublishedGradleVersions - Gradle version information cache is up-to-date. Trying to read.
